mode: set
interptreter/interpreter.go:19.27,21.2 1 1
interptreter/interpreter.go:23.50,25.2 1 1
interptreter/interpreter.go:27.43,28.28 1 1
interptreter/interpreter.go:31.2,31.14 1 1
interptreter/interpreter.go:28.28,30.3 1 1
interptreter/interpreter.go:39.55,41.2 1 1
interptreter/interpreter.go:43.35,45.2 1 1
interptreter/interpreter.go:49.39,51.2 1 1
interptreter/interpreter.go:53.35,55.2 1 1
interptreter/interpreter.go:71.51,73.2 1 1
interptreter/interpreter.go:75.50,77.2 1 1
interptreter/interpreter.go:79.42,81.2 1 1
interptreter/interpreter.go:83.31,84.14 1 1
interptreter/interpreter.go:92.2,92.14 1 0
interptreter/interpreter.go:85.13,86.49 1 1
interptreter/interpreter.go:87.12,88.49 1 1
interptreter/interpreter.go:89.13,90.28 1 1
